Arguments: 
  C:\Program Files\nodejs\node.exe C:\Users\Jean\AppData\Roaming\npm\node_modules\yarn\bin\yarn.js add react-native-gesture-handle

PATH: 
  C:\Program Files\Common Files\Oracle\Java\javapath;C:\WINDOWS\system32;C:\WINDOWS;C:\WINDOWS\System32\Wbem;C:\WINDOWS\System32\WindowsPowerShell\v1.0\;C:\WINDOWS\System32\OpenSSH\;C:\Program Files\Java\jdk-11.0.10\bin;C:\Program Files\MySQL\MySQL Server 8.0\bin;C:\Program Files\apache-maven\bin;C:\Program Files\Git\cmd;C:\Program Files\Docker\Docker\resources\bin;C:\ProgramData\DockerDesktop\version-bin;C:\ProgramData\chocolatey\bin;C:\Program Files\nodejs\;C:\Program Files\Amazon\AWSCLIV2\;C:\Users\Jean\AppData\Local\Programs\Python\Python39\Scripts\;C:\Users\Jean\AppData\Local\Programs\Python\Python39\;C:\Program Files\MySQL\MySQL Shell 8.0\bin\;C:\Users\Jean\AppData\Local\Microsoft\WindowsApps;C:\Program Files\heroku\bin;;C:\Users\Jean\AppData\Local\Programs\Microsoft VS Code\bin;C:\Program Files\JetBrains\IntelliJ IDEA Community Edition 2021.1\bin;;C:\Program Files (x86)\rit\;C:\Users\Jean\AppData\Roaming\npm

Yarn version: 
  1.22.10

Node version: 
  16.1.0

Platform: 
  win32 x64

Trace: 
  Error: https://registry.yarnpkg.com/react-native-gesture-handle: Not found
      at Request.params.callback [as _callback] (C:\Users\Jean\AppData\Roaming\npm\node_modules\yarn\lib\cli.js:66988:18)
      at Request.self.callback (C:\Users\Jean\AppData\Roaming\npm\node_modules\yarn\lib\cli.js:140662:22)
      at Request.emit (node:events:365:28)
      at Request.<anonymous> (C:\Users\Jean\AppData\Roaming\npm\node_modules\yarn\lib\cli.js:141634:10)
      at Request.emit (node:events:365:28)
      at IncomingMessage.<anonymous> (C:\Users\Jean\AppData\Roaming\npm\node_modules\yarn\lib\cli.js:141556:12)
      at Object.onceWrapper (node:events:471:28)
      at IncomingMessage.emit (node:events:377:35)
      at endReadableNT (node:internal/streams/readable:1312:12)
      at processTicksAndRejections (node:internal/process/task_queues:83:21)

npm manifest: 
  {
    "dependencies": {
      "@react-native-community/masked-view": "^0.1.11",
      "@react-navigation/native": "^5.9.4",
      "react-hook-form": "^6.14.2",
      "react-native-gesture-handler": "^1.10.3",
      "react-native-reanimated": "^2.2.0",
      "react-native-safe-area-context": "^3.2.0",
      "react-native-screens": "^3.3.0"
    }
  }

yarn manifest: 
  No manifest

Lockfile: 
  # THIS IS AN AUTOGENERATED FILE. DO NOT EDIT THIS FILE DIRECTLY.
  # yarn lockfile v1
  
  
  "@babel/helper-plugin-utils@^7.12.13":
    version "7.13.0"
    resolved "https://registry.yarnpkg.com/@babel/helper-plugin-utils/-/helper-plugin-utils-7.13.0.tgz#806526ce125aed03373bc416a828321e3a6a33af"
    integrity sha512-ZPafIPSwzUlAoWT8DKs1W2VyF2gOWthGd5NGFMsBcMMol+ZhK+EQY/e6V96poa6PA/Bh+C9plWN0hXO1uB8AfQ==
  
  "@babel/plugin-transform-object-assign@^7.10.4":
    version "7.12.13"
    resolved "https://registry.yarnpkg.com/@babel/plugin-transform-object-assign/-/plugin-transform-object-assign-7.12.13.tgz#d9b9200a69e03403a813e44a933ad9f4bddfd050"
    integrity sha512-4QxDMc0lAOkIBSfCrnSGbAJ+4epDBF2XXwcLXuBcG1xl9u7LrktNVD4+LwhL47XuKVPQ7R25e/WdcV+h97HyZA==
    dependencies:
      "@babel/helper-plugin-utils" "^7.12.13"
  
  "@egjs/hammerjs@^2.0.17":
    version "2.0.17"
    resolved "https://registry.yarnpkg.com/@egjs/hammerjs/-/hammerjs-2.0.17.tgz#5dc02af75a6a06e4c2db0202cae38c9263895124"
    integrity sha512-XQsZgjm2EcVUiZQf11UBJQfmZeEmOW8DpI1gsFeln6w0ae0ii4dMQEQ0kjl6DspdWX1aGY1/loyXnP0JS06e/A==
    dependencies:
      "@types/hammerjs" "^2.0.36"
  
  "@react-native-community/masked-view@^0.1.11":
    version "0.1.11"
    resolved "https://registry.yarnpkg.com/@react-native-community/masked-view/-/masked-view-0.1.11.tgz#2f4c6e10bee0786abff4604e39a37ded6f3980ce"
    integrity sha512-rQfMIGSR/1r/SyN87+VD8xHHzDYeHaJq6elOSCAD+0iLagXkSI2pfA0LmSXP21uw5i3em7GkkRjfJ8wpqWXZNw==
  
  "@react-navigation/core@^5.15.3":
    version "5.15.3"
    resolved "https://registry.yarnpkg.com/@react-navigation/core/-/core-5.15.3.tgz#dce7090bf3ea0d302993d742c706825e495b812e"
    integrity sha512-3ZdyDInh8qg1kygCNkmh9lFgpDf29lTvPsaMe2mm/qvmxLKSgttWBz07P2fc181aV9jTdgQpzYfWZ5KWT036zw==
    dependencies:
      "@react-navigation/routers" "^5.7.2"
      escape-string-regexp "^4.0.0"
      nanoid "^3.1.15"
      query-string "^6.13.6"
      react-is "^16.13.0"
  
  "@react-navigation/native@^5.9.4":
    version "5.9.4"
    resolved "https://registry.yarnpkg.com/@react-navigation/native/-/native-5.9.4.tgz#414c044423c58aa1cdde1b6494309e0b51da08b8"
    integrity sha512-BUCrOXfZDdKWBqM8OhOKQhCX5we4HUo5XG6tCQtVqQAep+7UcApZmMUuemUXDxVe8NPESUpoUlB0RaEpyIdfTQ==
    dependencies:
      "@react-navigation/core" "^5.15.3"
      escape-string-regexp "^4.0.0"
      nanoid "^3.1.15"
  
  "@react-navigation/routers@^5.7.2":
    version "5.7.2"
    resolved "https://registry.yarnpkg.com/@react-navigation/routers/-/routers-5.7.2.tgz#069d0a707b30ba2e27a32b6482531d0ff7317136"
    integrity sha512-BxNSMLHpU+oS37Xok0ql6rc9U7IC8aUD4+U5ZPbjDJ0pwzZxGGh0YOEBzfV4k/Ig3cbPdvVWbc1C9HHbCVr2oQ==
    dependencies:
      nanoid "^3.1.15"
  
  "@types/hammerjs@^2.0.36":
    version "2.0.39"
    resolved "https://registry.yarnpkg.com/@types/hammerjs/-/hammerjs-2.0.39.tgz#4be64bbacf3813c79c0dab895c6b0fdc7d5e513f"
    integrity sha512-lYR2Y/tV2ujpk/WyUc7S0VLI0a9hrtVIN9EwnrNo5oSEJI2cK2/XrgwOQmXLL3eTulOESvh9qP6si9+DWM9cOA==
  
  asap@~2.0.3:
    version "2.0.6"
    resolved "https://registry.yarnpkg.com/asap/-/asap-2.0.6.tgz#e50347611d7e690943208bbdafebcbc2fb866d46"
    integrity sha1-5QNHYR1+aQlDIIu9r+vLwvuGbUY=
  
  cross-fetch@^3.0.4:
    version "3.1.4"
    resolved "https://registry.yarnpkg.com/cross-fetch/-/cross-fetch-3.1.4.tgz#9723f3a3a247bf8b89039f3a380a9244e8fa2f39"
    integrity sha512-1eAtFWdIubi6T4XPy6ei9iUFoKpUkIF971QLN8lIvvvwueI65+Nw5haMNKUwfJxabqlIIDODJKGrQ66gxC0PbQ==
    dependencies:
      node-fetch "2.6.1"
  
  decode-uri-component@^0.2.0:
    version "0.2.0"
    resolved "https://registry.yarnpkg.com/decode-uri-component/-/decode-uri-component-0.2.0.tgz#eb3913333458775cb84cd1a1fae062106bb87545"
    integrity sha1-6zkTMzRYd1y4TNGh+uBiEGu4dUU=
  
  escape-string-regexp@^4.0.0:
    version "4.0.0"
    resolved "https://registry.yarnpkg.com/escape-string-regexp/-/escape-string-regexp-4.0.0.tgz#14ba83a5d373e3d311e5afca29cf5bfad965bf34"
    integrity sha512-TtpcNJ3XAzx3Gq8sWRzJaVajRs0uVxA2YAkdb1jm2YkPz4G6egUFAyA3n5vtEIZefPk5Wa4UXbKuS5fKkJWdgA==
  
  fbjs-css-vars@^1.0.0:
    version "1.0.2"
    resolved "https://registry.yarnpkg.com/fbjs-css-vars/-/fbjs-css-vars-1.0.2.tgz#216551136ae02fe255932c3ec8775f18e2c078b8"
    integrity sha512-b2XGFAFdWZWg0phtAWLHCk836A1Xann+I+Dgd3Gk64MHKZO44FfoD1KxyvbSh0qZsIoXQGGlVztIY+oitJPpRQ==
  
  fbjs@^3.0.0:
    version "3.0.0"
    resolved "https://registry.yarnpkg.com/fbjs/-/fbjs-3.0.0.tgz#0907067fb3f57a78f45d95f1eacffcacd623c165"
    integrity sha512-dJd4PiDOFuhe7vk4F80Mba83Vr2QuK86FoxtgPmzBqEJahncp+13YCmfoa53KHCo6OnlXLG7eeMWPfB5CrpVKg==
    dependencies:
      cross-fetch "^3.0.4"
      fbjs-css-vars "^1.0.0"
      loose-envify "^1.0.0"
      object-assign "^4.1.0"
      promise "^7.1.1"
      setimmediate "^1.0.5"
      ua-parser-js "^0.7.18"
  
  filter-obj@^1.1.0:
    version "1.1.0"
    resolved "https://registry.yarnpkg.com/filter-obj/-/filter-obj-1.1.0.tgz#9b311112bc6c6127a16e016c6c5d7f19e0805c5b"
    integrity sha1-mzERErxsYSehbgFsbF1/GeCAXFs=
  
  hoist-non-react-statics@^3.3.0:
    version "3.3.2"
    resolved "https://registry.yarnpkg.com/hoist-non-react-statics/-/hoist-non-react-statics-3.3.2.tgz#ece0acaf71d62c2969c2ec59feff42a4b1a85b45"
    integrity sha512-/gGivxi8JPKWNm/W0jSmzcMPpfpPLc3dY/6GxhX2hQ9iGj3aDfklV4ET7NjKpSinLpJ5vafa9iiGIEZg10SfBw==
    dependencies:
      react-is "^16.7.0"
  
  invariant@^2.2.4:
    version "2.2.4"
    resolved "https://registry.yarnpkg.com/invariant/-/invariant-2.2.4.tgz#610f3c92c9359ce1db616e538008d23ff35158e6"
    integrity sha512-phJfQVBuaJM5raOpJjSfkiD6BpbCE4Ns//LaXl6wGYtUBY83nWS6Rf9tXm2e8VaK60JEjYldbPif/A2B1C2gNA==
    dependencies:
      loose-envify "^1.0.0"
  
  "js-tokens@^3.0.0 || ^4.0.0":
    version "4.0.0"
    resolved "https://registry.yarnpkg.com/js-tokens/-/js-tokens-4.0.0.tgz#19203fb59991df98e3a287050d4647cdeaf32499"
    integrity sha512-RdJUflcE3cUzKiMqQgsCu06FPu9UdIJO0beYbPhHN4k6apgJtifcoCtT9bcxOpYBtpD2kCM6Sbzg4CausW/PKQ==
  
  loose-envify@^1.0.0, loose-envify@^1.4.0:
    version "1.4.0"
    resolved "https://registry.yarnpkg.com/loose-envify/-/loose-envify-1.4.0.tgz#71ee51fa7be4caec1a63839f7e682d8132d30caf"
    integrity sha512-lyuxPGr/Wfhrlem2CL/UcnUc1zcqKAImBDzukY7Y5F/yQiNdko6+fRLevlw1HgMySw7f611UIY408EtxRSoK3Q==
    dependencies:
      js-tokens "^3.0.0 || ^4.0.0"
  
  mockdate@^3.0.2:
    version "3.0.5"
    resolved "https://registry.yarnpkg.com/mockdate/-/mockdate-3.0.5.tgz#789be686deb3149e7df2b663d2bc4392bc3284fb"
    integrity sha512-iniQP4rj1FhBdBYS/+eQv7j1tadJ9lJtdzgOpvsOHng/GbcDh2Fhdeq+ZRldrPYdXvCyfFUmFeEwEGXZB5I/AQ==
  
  nanoid@^3.1.15:
    version "3.1.23"
    resolved "https://registry.yarnpkg.com/nanoid/-/nanoid-3.1.23.tgz#f744086ce7c2bc47ee0a8472574d5c78e4183a81"
    integrity sha512-FiB0kzdP0FFVGDKlRLEQ1BgDzU87dy5NnzjeW9YZNt+/c3+q82EQDUwniSAUxp/F0gFNI1ZhKU1FqYsMuqZVnw==
  
  node-fetch@2.6.1:
    version "2.6.1"
    resolved "https://registry.yarnpkg.com/node-fetch/-/node-fetch-2.6.1.tgz#045bd323631f76ed2e2b55573394416b639a0052"
    integrity sha512-V4aYg89jEoVRxRb2fJdAg8FHvI7cEyYdVAh94HH0UIK8oJxUfkjlDQN9RbMx+bEjP7+ggMiFRprSti032Oipxw==
  
  object-assign@^4.1.0, object-assign@^4.1.1:
    version "4.1.1"
    resolved "https://registry.yarnpkg.com/object-assign/-/object-assign-4.1.1.tgz#2109adc7965887cfc05cbbd442cac8bfbb360863"
    integrity sha1-IQmtx5ZYh8/AXLvUQsrIv7s2CGM=
  
  promise@^7.1.1:
    version "7.3.1"
    resolved "https://registry.yarnpkg.com/promise/-/promise-7.3.1.tgz#064b72602b18f90f29192b8b1bc418ffd1ebd3bf"
    integrity sha512-nolQXZ/4L+bP/UGlkfaIujX9BKxGwmQ9OT4mOt5yvy8iK1h3wqTEJCijzGANTCCl9nWjY41juyAn2K3Q1hLLTg==
    dependencies:
      asap "~2.0.3"
  
  prop-types@^15.7.2:
    version "15.7.2"
    resolved "https://registry.yarnpkg.com/prop-types/-/prop-types-15.7.2.tgz#52c41e75b8c87e72b9d9360e0206b99dcbffa6c5"
    integrity sha512-8QQikdH7//R2vurIJSutZ1smHYTcLpRWEOlHnzcWHmBYrOGUysKwSsrC89BCiFj3CbrfJ/nXFdJepOVrY1GCHQ==
    dependencies:
      loose-envify "^1.4.0"
      object-assign "^4.1.1"
      react-is "^16.8.1"
  
  query-string@^6.13.6:
    version "6.14.1"
    resolved "https://registry.yarnpkg.com/query-string/-/query-string-6.14.1.tgz#7ac2dca46da7f309449ba0f86b1fd28255b0c86a"
    integrity sha512-XDxAeVmpfu1/6IjyT/gXHOl+S0vQ9owggJ30hhWKdHAsNPOcasn5o9BW0eejZqL2e4vMjhAxoW3jVHcD6mbcYw==
    dependencies:
      decode-uri-component "^0.2.0"
      filter-obj "^1.1.0"
      split-on-first "^1.0.0"
      strict-uri-encode "^2.0.0"
  
  react-hook-form@^6.14.2:
    version "6.14.2"
    resolved "https://registry.yarnpkg.com/react-hook-form/-/react-hook-form-6.14.2.tgz#60ab0b5367b220a3d96aa0b17bd0f13f9d8c326a"
    integrity sha512-GgDUuT3Yfhl1BOcMl862uAFbCixSomtm3CVlQQ1qVu9Tq5BN2uUIRUIXP8l2Gy99eLUrBqU9x4E7N+si9cnvaw==
  
  react-is@^16.13.0, react-is@^16.7.0, react-is@^16.8.1:
    version "16.13.1"
    resolved "https://registry.yarnpkg.com/react-is/-/react-is-16.13.1.tgz#789729a4dc36de2999dc156dd6c1d9c18cea56a4"
    integrity sha512-24e6ynE2H+OKt4kqsOvNd8kBpV65zoxbA4BVsEOB3ARVWQki/DHzaUoC5KuON/BiccDaCCTZBuOcfZs70kR8bQ==
  
  react-native-gesture-handler@^1.10.3:
    version "1.10.3"
    resolved "https://registry.yarnpkg.com/react-native-gesture-handler/-/react-native-gesture-handler-1.10.3.tgz#942bbf2963bbf49fa79593600ee9d7b5dab3cfc0"
    integrity sha512-cBGMi1IEsIVMgoox4RvMx7V2r6bNKw0uR1Mu1o7NbuHS6BRSVLq0dP34l2ecnPlC+jpWd3le6Yg1nrdCjby2Mw==
    dependencies:
      "@egjs/hammerjs" "^2.0.17"
      fbjs "^3.0.0"
      hoist-non-react-statics "^3.3.0"
      invariant "^2.2.4"
      prop-types "^15.7.2"
  
  react-native-reanimated@^2.2.0:
    version "2.2.0"
    resolved "https://registry.yarnpkg.com/react-native-reanimated/-/react-native-reanimated-2.2.0.tgz#a6412c56b4e591d1f00fac949f62d0c72c357c78"
    integrity sha512-lOJDd+5w1gY6DHGXG2jD1dsjzQmXQ2699HUc3IztvI2WP4zUT+UAA+zSG+5JiBS5DUnTL8YhhkmUQmr1KNGO5w==
    dependencies:
      "@babel/plugin-transform-object-assign" "^7.10.4"
      fbjs "^3.0.0"
      mockdate "^3.0.2"
      string-hash-64 "^1.0.3"
  
  react-native-safe-area-context@^3.2.0:
    version "3.2.0"
    resolved "https://registry.yarnpkg.com/react-native-safe-area-context/-/react-native-safe-area-context-3.2.0.tgz#06113c6b208f982d68ab5c3cebd199ca93db6941"
    integrity sha512-k2Nty4PwSnrg9HwrYeeE+EYqViYJoOFwEy9LxL5RIRfoqxAq/uQXNGwpUg2/u4gnKpBbEPa9eRh15KKMe/VHkA==
  
  react-native-screens@^3.3.0:
    version "3.3.0"
    resolved "https://registry.yarnpkg.com/react-native-screens/-/react-native-screens-3.3.0.tgz#d4464a96620b85d09e46bd6865b5f48456c244f0"
    integrity sha512-ni11jC6I9cFVXdLIDwkgafDHw/STXUNzkR5Fx3w8Wikdzi8gfTEan2kiOm7aS42d2F/LXddZ6i74Z2em0L6LPQ==
  
  setimmediate@^1.0.5:
    version "1.0.5"
    resolved "https://registry.yarnpkg.com/setimmediate/-/setimmediate-1.0.5.tgz#290cbb232e306942d7d7ea9b83732ab7856f8285"
    integrity sha1-KQy7Iy4waULX1+qbg3Mqt4VvgoU=
  
  split-on-first@^1.0.0:
    version "1.1.0"
    resolved "https://registry.yarnpkg.com/split-on-first/-/split-on-first-1.1.0.tgz#f610afeee3b12bce1d0c30425e76398b78249a5f"
    integrity sha512-43ZssAJaMusuKWL8sKUBQXHWOpq8d6CfN/u1p4gUzfJkM05C8rxTmYrkIPTXapZpORA6LkkzcUulJ8FqA7Uudw==
  
  strict-uri-encode@^2.0.0:
    version "2.0.0"
    resolved "https://registry.yarnpkg.com/strict-uri-encode/-/strict-uri-encode-2.0.0.tgz#b9c7330c7042862f6b142dc274bbcc5866ce3546"
    integrity sha1-ucczDHBChi9rFC3CdLvMWGbONUY=
  
  string-hash-64@^1.0.3:
    version "1.0.3"
    resolved "https://registry.yarnpkg.com/string-hash-64/-/string-hash-64-1.0.3.tgz#0deb56df58678640db5c479ccbbb597aaa0de322"
    integrity sha512-D5OKWKvDhyVWWn2x5Y9b+37NUllks34q1dCDhk/vYcso9fmhs+Tl3KR/gE4v5UNj2UA35cnX4KdVVGkG1deKqw==
  
  ua-parser-js@^0.7.18:
    version "0.7.28"
    resolved "https://registry.yarnpkg.com/ua-parser-js/-/ua-parser-js-0.7.28.tgz#8ba04e653f35ce210239c64661685bf9121dec31"
    integrity sha512-6Gurc1n//gjp9eQNXjD9O3M/sMwVtN5S8Lv9bvOYBfKfDNiIIhqiyi01vMBO45u4zkDE420w/e0se7Vs+sIg+g==
